-------------------------------------------------------------------------------
Test set: TestSuite
-------------------------------------------------------------------------------
Tests run: 3, Failures: 1, Errors: 0, Skipped: 0, Time elapsed: 45.081 s <<< FAILURE! - in TestSuite
cucumberOptions.TestNGRunner.runScenario["Search experience for product on both home and offers page", "Search and Place the order for Products"](1)  Time elapsed: 37.188 s  <<< FAILURE!
java.lang.AssertionError: expected [Beetroot] but found [No data]

